2025-02-19 18:24:21,501 DEBUG    root            Loaded Command Group: ['gcloud', 'components']
2025-02-19 18:24:21,505 DEBUG    root            Loaded Command Group: ['gcloud', 'components', 'update']
2025-02-19 18:24:21,507 DEBUG    root            Running [gcloud.components.update] with arguments: [--compile-python: "True", --quiet: "True", COMPONENT-IDS:6: "['core', 'gcloud-deps', 'bq', 'gcloud', 'gcloud-crc32c', 'gsutil']"]
2025-02-19 18:24:21,507 INFO     ___FILE_ONLY___ Beginning update. This process may take several minutes.

2025-02-19 18:24:21,543 DEBUG    urllib3.connectionpool Starting new HTTPS connection (1): dl.google.com:443
2025-02-19 18:24:21,555 DEBUG    urllib3.connectionpool https://dl.google.com:443 "GET /dl/cloudsdk/channels/rapid/components-2.json HTTP/11" 200 227832
2025-02-19 18:24:21,571 INFO     ___FILE_ONLY___ 

2025-02-19 18:24:21,571 INFO     ___FILE_ONLY___ 
Your current Google Cloud CLI version is: 511.0.0

2025-02-19 18:24:21,571 INFO     ___FILE_ONLY___ Installing components from version: 511.0.0

2025-02-19 18:24:21,571 INFO     ___FILE_ONLY___ 

2025-02-19 18:24:21,571 DEBUG    root            Chosen display Format:table[box,title="These components will be removed."](details.display_name:label=Name:align=left,version.version_string:label=Version:align=right,data.size.size(zero="",min=1048576):label=Size:align=right)
2025-02-19 18:24:21,572 DEBUG    root            Chosen display Format:table[box,title="These components will be updated."](details.display_name:label=Name:align=left,version.version_string:label=Version:align=right,data.size.size(zero="",min=1048576):label=Size:align=right)
2025-02-19 18:24:21,573 DEBUG    root            Chosen display Format:table[box,title="These components will be installed."](details.display_name:label=Name:align=left,version.version_string:label=Version:align=right,data.size.size(zero="",min=1048576):label=Size:align=right)
2025-02-19 18:24:21,607 INFO     ___FILE_ONLY___ ┌─────────────────────────────────────────────────────────────────────────────┐
2025-02-19 18:24:21,608 INFO     ___FILE_ONLY___ 

2025-02-19 18:24:21,608 INFO     ___FILE_ONLY___ │                     These components will be installed.                     │
2025-02-19 18:24:21,608 INFO     ___FILE_ONLY___ 

2025-02-19 18:24:21,608 INFO     ___FILE_ONLY___ ├─────────────────────────────────────────────────────┬────────────┬──────────┤
2025-02-19 18:24:21,608 INFO     ___FILE_ONLY___ 

2025-02-19 18:24:21,608 INFO     ___FILE_ONLY___ │                         Name                        │  Version   │   Size   │
2025-02-19 18:24:21,608 INFO     ___FILE_ONLY___ 

2025-02-19 18:24:21,608 INFO     ___FILE_ONLY___ ├─────────────────────────────────────────────────────┼────────────┼──────────┤
2025-02-19 18:24:21,608 INFO     ___FILE_ONLY___ 

2025-02-19 18:24:21,608 INFO     ___FILE_ONLY___ │ 
2025-02-19 18:24:21,608 INFO     ___FILE_ONLY___ BigQuery Command Line Tool                         
2025-02-19 18:24:21,608 INFO     ___FILE_ONLY___  
2025-02-19 18:24:21,608 INFO     ___FILE_ONLY___ │ 
2025-02-19 18:24:21,608 INFO     ___FILE_ONLY___     2.1.13
2025-02-19 18:24:21,608 INFO     ___FILE_ONLY___  
2025-02-19 18:24:21,609 INFO     ___FILE_ONLY___ │ 
2025-02-19 18:24:21,609 INFO     ___FILE_ONLY___  1.8 MiB
2025-02-19 18:24:21,609 INFO     ___FILE_ONLY___  
2025-02-19 18:24:21,609 INFO     ___FILE_ONLY___ │
2025-02-19 18:24:21,609 INFO     ___FILE_ONLY___ 

2025-02-19 18:24:21,609 INFO     ___FILE_ONLY___ │ 
2025-02-19 18:24:21,609 INFO     ___FILE_ONLY___ BigQuery Command Line Tool (Platform Specific)     
2025-02-19 18:24:21,609 INFO     ___FILE_ONLY___  
2025-02-19 18:24:21,609 INFO     ___FILE_ONLY___ │ 
2025-02-19 18:24:21,609 INFO     ___FILE_ONLY___      2.1.8
2025-02-19 18:24:21,609 INFO     ___FILE_ONLY___  
2025-02-19 18:24:21,609 INFO     ___FILE_ONLY___ │ 
2025-02-19 18:24:21,609 INFO     ___FILE_ONLY___  < 1 MiB
2025-02-19 18:24:21,609 INFO     ___FILE_ONLY___  
2025-02-19 18:24:21,610 INFO     ___FILE_ONLY___ │
2025-02-19 18:24:21,610 INFO     ___FILE_ONLY___ 

2025-02-19 18:24:21,610 INFO     ___FILE_ONLY___ │ 
2025-02-19 18:24:21,610 INFO     ___FILE_ONLY___ Bundled Python 3.12 (Platform Specific)            
2025-02-19 18:24:21,610 INFO     ___FILE_ONLY___  
2025-02-19 18:24:21,610 INFO     ___FILE_ONLY___ │ 
2025-02-19 18:24:21,610 INFO     ___FILE_ONLY___     3.12.8
2025-02-19 18:24:21,610 INFO     ___FILE_ONLY___  
2025-02-19 18:24:21,610 INFO     ___FILE_ONLY___ │ 
2025-02-19 18:24:21,610 INFO     ___FILE_ONLY___ 89.2 MiB
2025-02-19 18:24:21,610 INFO     ___FILE_ONLY___  
2025-02-19 18:24:21,610 INFO     ___FILE_ONLY___ │
2025-02-19 18:24:21,610 INFO     ___FILE_ONLY___ 

2025-02-19 18:24:21,610 INFO     ___FILE_ONLY___ │ 
2025-02-19 18:24:21,610 INFO     ___FILE_ONLY___ Cloud Storage Command Line Tool                    
2025-02-19 18:24:21,611 INFO     ___FILE_ONLY___  
2025-02-19 18:24:21,611 INFO     ___FILE_ONLY___ │ 
2025-02-19 18:24:21,611 INFO     ___FILE_ONLY___       5.33
2025-02-19 18:24:21,611 INFO     ___FILE_ONLY___  
2025-02-19 18:24:21,611 INFO     ___FILE_ONLY___ │ 
2025-02-19 18:24:21,611 INFO     ___FILE_ONLY___ 11.8 MiB
2025-02-19 18:24:21,611 INFO     ___FILE_ONLY___  
2025-02-19 18:24:21,611 INFO     ___FILE_ONLY___ │
2025-02-19 18:24:21,611 INFO     ___FILE_ONLY___ 

2025-02-19 18:24:21,611 INFO     ___FILE_ONLY___ │ 
2025-02-19 18:24:21,611 INFO     ___FILE_ONLY___ Cloud Storage Command Line Tool (Platform Specific)
2025-02-19 18:24:21,611 INFO     ___FILE_ONLY___  
2025-02-19 18:24:21,611 INFO     ___FILE_ONLY___ │ 
2025-02-19 18:24:21,611 INFO     ___FILE_ONLY___       5.30
2025-02-19 18:24:21,612 INFO     ___FILE_ONLY___  
2025-02-19 18:24:21,612 INFO     ___FILE_ONLY___ │ 
2025-02-19 18:24:21,612 INFO     ___FILE_ONLY___  < 1 MiB
2025-02-19 18:24:21,612 INFO     ___FILE_ONLY___  
2025-02-19 18:24:21,612 INFO     ___FILE_ONLY___ │
2025-02-19 18:24:21,612 INFO     ___FILE_ONLY___ 

2025-02-19 18:24:21,612 INFO     ___FILE_ONLY___ │ 
2025-02-19 18:24:21,612 INFO     ___FILE_ONLY___ Google Cloud CLI Core Libraries (Platform Specific)
2025-02-19 18:24:21,612 INFO     ___FILE_ONLY___  
2025-02-19 18:24:21,612 INFO     ___FILE_ONLY___ │ 
2025-02-19 18:24:21,612 INFO     ___FILE_ONLY___ 2024.08.30
2025-02-19 18:24:21,612 INFO     ___FILE_ONLY___  
2025-02-19 18:24:21,612 INFO     ___FILE_ONLY___ │ 
2025-02-19 18:24:21,612 INFO     ___FILE_ONLY___  < 1 MiB
2025-02-19 18:24:21,612 INFO     ___FILE_ONLY___  
2025-02-19 18:24:21,613 INFO     ___FILE_ONLY___ │
2025-02-19 18:24:21,613 INFO     ___FILE_ONLY___ 

2025-02-19 18:24:21,613 INFO     ___FILE_ONLY___ │ 
2025-02-19 18:24:21,613 INFO     ___FILE_ONLY___ Google Cloud CRC32C Hash Tool (Platform Specific)  
2025-02-19 18:24:21,613 INFO     ___FILE_ONLY___  
2025-02-19 18:24:21,613 INFO     ___FILE_ONLY___ │ 
2025-02-19 18:24:21,613 INFO     ___FILE_ONLY___      1.0.0
2025-02-19 18:24:21,613 INFO     ___FILE_ONLY___  
2025-02-19 18:24:21,613 INFO     ___FILE_ONLY___ │ 
2025-02-19 18:24:21,613 INFO     ___FILE_ONLY___  1.4 MiB
2025-02-19 18:24:21,613 INFO     ___FILE_ONLY___  
2025-02-19 18:24:21,613 INFO     ___FILE_ONLY___ │
2025-02-19 18:24:21,613 INFO     ___FILE_ONLY___ 

2025-02-19 18:24:21,613 INFO     ___FILE_ONLY___ │ 
2025-02-19 18:24:21,613 INFO     ___FILE_ONLY___ gcloud cli dependencies (Platform Specific)        
2025-02-19 18:24:21,613 INFO     ___FILE_ONLY___  
2025-02-19 18:24:21,614 INFO     ___FILE_ONLY___ │ 
2025-02-19 18:24:21,614 INFO     ___FILE_ONLY___ 2021.04.16
2025-02-19 18:24:21,614 INFO     ___FILE_ONLY___  
2025-02-19 18:24:21,614 INFO     ___FILE_ONLY___ │ 
2025-02-19 18:24:21,614 INFO     ___FILE_ONLY___  < 1 MiB
2025-02-19 18:24:21,614 INFO     ___FILE_ONLY___  
2025-02-19 18:24:21,614 INFO     ___FILE_ONLY___ │
2025-02-19 18:24:21,614 INFO     ___FILE_ONLY___ 

2025-02-19 18:24:21,614 INFO     ___FILE_ONLY___ └─────────────────────────────────────────────────────┴────────────┴──────────┘
2025-02-19 18:24:21,614 INFO     ___FILE_ONLY___ 

2025-02-19 18:24:21,614 INFO     ___FILE_ONLY___ 

2025-02-19 18:24:21,617 DEBUG    urllib3.connectionpool Starting new HTTPS connection (1): dl.google.com:443
2025-02-19 18:24:21,632 DEBUG    urllib3.connectionpool https://dl.google.com:443 "GET /dl/cloudsdk/channels/rapid/RELEASE_NOTES HTTP/11" 200 1367135
2025-02-19 18:24:22,089 INFO     ___FILE_ONLY___ For the latest full release notes, please visit:
  https://cloud.google.com/sdk/release_notes


2025-02-19 18:24:22,089 INFO     ___FILE_ONLY___ Performing in place update...


2025-02-19 18:24:22,091 INFO     ___FILE_ONLY___ ╔════════════════════════════════════════════════════════════╗

2025-02-19 18:24:22,091 INFO     ___FILE_ONLY___ ╠═ Downloading: BigQuery Command Line Tool                  ═╣

2025-02-19 18:24:22,091 INFO     ___FILE_ONLY___ ╚
2025-02-19 18:24:22,094 DEBUG    urllib3.connectionpool Starting new HTTPS connection (1): dl.google.com:443
2025-02-19 18:24:22,136 DEBUG    urllib3.connectionpool https://dl.google.com:443 "GET /dl/cloudsdk/channels/rapid/components/google-cloud-sdk-bq-20250218185346.tar.gz HTTP/11" 200 1840119
2025-02-19 18:24:22,147 INFO     ___FILE_ONLY___ ═
2025-02-19 18:24:22,147 INFO     ___FILE_ONLY___ ═
2025-02-19 18:24:22,148 INFO     ___FILE_ONLY___ ═
2025-02-19 18:24:22,148 INFO     ___FILE_ONLY___ ═
2025-02-19 18:24:22,148 INFO     ___FILE_ONLY___ ═
2025-02-19 18:24:22,148 INFO     ___FILE_ONLY___ ═
2025-02-19 18:24:22,148 INFO     ___FILE_ONLY___ ═
2025-02-19 18:24:22,148 INFO     ___FILE_ONLY___ ═
2025-02-19 18:24:22,148 INFO     ___FILE_ONLY___ ═
2025-02-19 18:24:22,148 INFO     ___FILE_ONLY___ ═
2025-02-19 18:24:22,148 INFO     ___FILE_ONLY___ ═
2025-02-19 18:24:22,149 INFO     ___FILE_ONLY___ ═
2025-02-19 18:24:22,149 INFO     ___FILE_ONLY___ ═
2025-02-19 18:24:22,149 INFO     ___FILE_ONLY___ ═
2025-02-19 18:24:22,149 INFO     ___FILE_ONLY___ ═
2025-02-19 18:24:22,149 INFO     ___FILE_ONLY___ ═
2025-02-19 18:24:22,149 INFO     ___FILE_ONLY___ ═
2025-02-19 18:24:22,149 INFO     ___FILE_ONLY___ ═
2025-02-19 18:24:22,149 INFO     ___FILE_ONLY___ ═
2025-02-19 18:24:22,150 INFO     ___FILE_ONLY___ ═
2025-02-19 18:24:22,150 INFO     ___FILE_ONLY___ ═
2025-02-19 18:24:22,150 INFO     ___FILE_ONLY___ ═
2025-02-19 18:24:22,150 INFO     ___FILE_ONLY___ ═
2025-02-19 18:24:22,150 INFO     ___FILE_ONLY___ ═
2025-02-19 18:24:22,150 INFO     ___FILE_ONLY___ ═
2025-02-19 18:24:22,150 INFO     ___FILE_ONLY___ ═
2025-02-19 18:24:22,150 INFO     ___FILE_ONLY___ ═
2025-02-19 18:24:22,150 INFO     ___FILE_ONLY___ ═
2025-02-19 18:24:22,151 INFO     ___FILE_ONLY___ ═
2025-02-19 18:24:22,151 INFO     ___FILE_ONLY___ ═
2025-02-19 18:24:22,151 INFO     ___FILE_ONLY___ ═
2025-02-19 18:24:22,151 INFO     ___FILE_ONLY___ ═
2025-02-19 18:24:22,151 INFO     ___FILE_ONLY___ ═
2025-02-19 18:24:22,151 INFO     ___FILE_ONLY___ ═
2025-02-19 18:24:22,151 INFO     ___FILE_ONLY___ ═
2025-02-19 18:24:22,151 INFO     ___FILE_ONLY___ ═
2025-02-19 18:24:22,152 INFO     ___FILE_ONLY___ ═
2025-02-19 18:24:22,152 INFO     ___FILE_ONLY___ ═
2025-02-19 18:24:22,152 INFO     ___FILE_ONLY___ ═
2025-02-19 18:24:22,152 INFO     ___FILE_ONLY___ ═
2025-02-19 18:24:22,152 INFO     ___FILE_ONLY___ ═
2025-02-19 18:24:22,152 INFO     ___FILE_ONLY___ ═
2025-02-19 18:24:22,152 INFO     ___FILE_ONLY___ ═
2025-02-19 18:24:22,152 INFO     ___FILE_ONLY___ ═
2025-02-19 18:24:22,153 INFO     ___FILE_ONLY___ ═
2025-02-19 18:24:22,153 INFO     ___FILE_ONLY___ ═
2025-02-19 18:24:22,153 INFO     ___FILE_ONLY___ ═
2025-02-19 18:24:22,153 INFO     ___FILE_ONLY___ ═
2025-02-19 18:24:22,153 INFO     ___FILE_ONLY___ ═
2025-02-19 18:24:22,153 INFO     ___FILE_ONLY___ ═
2025-02-19 18:24:22,153 INFO     ___FILE_ONLY___ ═
2025-02-19 18:24:22,153 INFO     ___FILE_ONLY___ ═
2025-02-19 18:24:22,154 INFO     ___FILE_ONLY___ ═
2025-02-19 18:24:22,154 INFO     ___FILE_ONLY___ ═
2025-02-19 18:24:22,154 INFO     ___FILE_ONLY___ ═
2025-02-19 18:24:22,154 INFO     ___FILE_ONLY___ ═
2025-02-19 18:24:22,154 INFO     ___FILE_ONLY___ ═
2025-02-19 18:24:22,154 INFO     ___FILE_ONLY___ ═
2025-02-19 18:24:22,154 INFO     ___FILE_ONLY___ ═
2025-02-19 18:24:22,154 INFO     ___FILE_ONLY___ ═
2025-02-19 18:24:22,154 INFO     ___FILE_ONLY___ ╝

2025-02-19 18:24:22,156 INFO     ___FILE_ONLY___ ╔════════════════════════════════════════════════════════════╗

2025-02-19 18:24:22,157 INFO     ___FILE_ONLY___ ╠═ Downloading: BigQuery Command Line Tool (Platform Spe... ═╣

2025-02-19 18:24:22,157 INFO     ___FILE_ONLY___ ╚
2025-02-19 18:24:22,160 DEBUG    urllib3.connectionpool Starting new HTTPS connection (1): dl.google.com:443
2025-02-19 18:24:22,174 DEBUG    urllib3.connectionpool https://dl.google.com:443 "GET /dl/cloudsdk/channels/rapid/components/google-cloud-sdk-bq-nix-20240830134514.tar.gz HTTP/11" 200 1914
2025-02-19 18:24:22,174 INFO     ___FILE_ONLY___ ════════════════════════════════════════════════════════════
2025-02-19 18:24:22,174 INFO     ___FILE_ONLY___ ╝

2025-02-19 18:24:22,176 INFO     ___FILE_ONLY___ ╔════════════════════════════════════════════════════════════╗

2025-02-19 18:24:22,176 INFO     ___FILE_ONLY___ ╠═ Downloading: Bundled Python 3.12                         ═╣

2025-02-19 18:24:22,177 INFO     ___FILE_ONLY___ ╚
2025-02-19 18:24:22,177 INFO     ___FILE_ONLY___ ════════════════════════════════════════════════════════════
2025-02-19 18:24:22,177 INFO     ___FILE_ONLY___ ╝

2025-02-19 18:24:22,178 INFO     ___FILE_ONLY___ ╔════════════════════════════════════════════════════════════╗

2025-02-19 18:24:22,178 INFO     ___FILE_ONLY___ ╠═ Downloading: Bundled Python 3.12 (Platform Specific)     ═╣

2025-02-19 18:24:22,178 INFO     ___FILE_ONLY___ ╚
2025-02-19 18:24:22,181 DEBUG    urllib3.connectionpool Starting new HTTPS connection (1): dl.google.com:443
2025-02-19 18:24:22,196 DEBUG    urllib3.connectionpool https://dl.google.com:443 "GET /dl/cloudsdk/channels/rapid/components/google-cloud-sdk-bundled-python3-unix-linux-x86_64-20250131143518.tar.gz HTTP/11" 200 93520256
2025-02-19 18:24:22,532 INFO     ___FILE_ONLY___ ═
2025-02-19 18:24:22,534 INFO     ___FILE_ONLY___ ═
2025-02-19 18:24:22,536 INFO     ___FILE_ONLY___ ═
2025-02-19 18:24:22,537 INFO     ___FILE_ONLY___ ═
2025-02-19 18:24:22,539 INFO     ___FILE_ONLY___ ═
2025-02-19 18:24:22,540 INFO     ___FILE_ONLY___ ═
2025-02-19 18:24:22,542 INFO     ___FILE_ONLY___ ═
2025-02-19 18:24:22,544 INFO     ___FILE_ONLY___ ═
2025-02-19 18:24:22,545 INFO     ___FILE_ONLY___ ═
2025-02-19 18:24:22,547 INFO     ___FILE_ONLY___ ═
2025-02-19 18:24:22,549 INFO     ___FILE_ONLY___ ═
2025-02-19 18:24:22,550 INFO     ___FILE_ONLY___ ═
2025-02-19 18:24:22,552 INFO     ___FILE_ONLY___ ═
2025-02-19 18:24:22,553 INFO     ___FILE_ONLY___ ═
2025-02-19 18:24:22,555 INFO     ___FILE_ONLY___ ═
2025-02-19 18:24:22,557 INFO     ___FILE_ONLY___ ═
2025-02-19 18:24:22,558 INFO     ___FILE_ONLY___ ═
2025-02-19 18:24:22,560 INFO     ___FILE_ONLY___ ═
2025-02-19 18:24:22,561 INFO     ___FILE_ONLY___ ═
2025-02-19 18:24:22,563 INFO     ___FILE_ONLY___ ═
2025-02-19 18:24:22,565 INFO     ___FILE_ONLY___ ═
2025-02-19 18:24:22,566 INFO     ___FILE_ONLY___ ═
2025-02-19 18:24:22,568 INFO     ___FILE_ONLY___ ═
2025-02-19 18:24:22,569 INFO     ___FILE_ONLY___ ═
2025-02-19 18:24:22,571 INFO     ___FILE_ONLY___ ═
2025-02-19 18:24:22,573 INFO     ___FILE_ONLY___ ═
2025-02-19 18:24:22,574 INFO     ___FILE_ONLY___ ═
2025-02-19 18:24:22,576 INFO     ___FILE_ONLY___ ═
2025-02-19 18:24:22,578 INFO     ___FILE_ONLY___ ═
2025-02-19 18:24:22,579 INFO     ___FILE_ONLY___ ═
2025-02-19 18:24:22,581 INFO     ___FILE_ONLY___ ═
2025-02-19 18:24:22,582 INFO     ___FILE_ONLY___ ═
2025-02-19 18:24:22,584 INFO     ___FILE_ONLY___ ═
2025-02-19 18:24:22,586 INFO     ___FILE_ONLY___ ═
2025-02-19 18:24:22,587 INFO     ___FILE_ONLY___ ═
2025-02-19 18:24:22,589 INFO     ___FILE_ONLY___ ═
2025-02-19 18:24:22,591 INFO     ___FILE_ONLY___ ═
2025-02-19 18:24:22,592 INFO     ___FILE_ONLY___ ═
2025-02-19 18:24:22,594 INFO     ___FILE_ONLY___ ═
2025-02-19 18:24:22,596 INFO     ___FILE_ONLY___ ═
2025-02-19 18:24:22,597 INFO     ___FILE_ONLY___ ═
2025-02-19 18:24:22,599 INFO     ___FILE_ONLY___ ═
2025-02-19 18:24:22,600 INFO     ___FILE_ONLY___ ═
2025-02-19 18:24:22,602 INFO     ___FILE_ONLY___ ═
2025-02-19 18:24:22,604 INFO     ___FILE_ONLY___ ═
2025-02-19 18:24:22,605 INFO     ___FILE_ONLY___ ═
2025-02-19 18:24:22,607 INFO     ___FILE_ONLY___ ═
2025-02-19 18:24:22,609 INFO     ___FILE_ONLY___ ═
2025-02-19 18:24:22,610 INFO     ___FILE_ONLY___ ═
2025-02-19 18:24:22,612 INFO     ___FILE_ONLY___ ═
2025-02-19 18:24:22,614 INFO     ___FILE_ONLY___ ═
2025-02-19 18:24:22,615 INFO     ___FILE_ONLY___ ═
2025-02-19 18:24:22,617 INFO     ___FILE_ONLY___ ═
2025-02-19 18:24:22,618 INFO     ___FILE_ONLY___ ═
2025-02-19 18:24:22,620 INFO     ___FILE_ONLY___ ═
2025-02-19 18:24:22,622 INFO     ___FILE_ONLY___ ═
2025-02-19 18:24:22,623 INFO     ___FILE_ONLY___ ═
2025-02-19 18:24:22,625 INFO     ___FILE_ONLY___ ═
2025-02-19 18:24:22,626 INFO     ___FILE_ONLY___ ═
2025-02-19 18:24:22,628 INFO     ___FILE_ONLY___ ═
2025-02-19 18:24:22,628 INFO     ___FILE_ONLY___ ╝

2025-02-19 18:24:22,633 INFO     ___FILE_ONLY___ ╔════════════════════════════════════════════════════════════╗

2025-02-19 18:24:22,633 INFO     ___FILE_ONLY___ ╠═ Downloading: Cloud Storage Command Line Tool             ═╣

2025-02-19 18:24:22,633 INFO     ___FILE_ONLY___ ╚
2025-02-19 18:24:22,636 DEBUG    urllib3.connectionpool Starting new HTTPS connection (1): dl.google.com:443
2025-02-19 18:24:22,648 DEBUG    urllib3.connectionpool https://dl.google.com:443 "GET /dl/cloudsdk/channels/rapid/components/google-cloud-sdk-gsutil-20241213184646.tar.gz HTTP/11" 200 12368759
2025-02-19 18:24:22,691 INFO     ___FILE_ONLY___ ═
2025-02-19 18:24:22,691 INFO     ___FILE_ONLY___ ═
2025-02-19 18:24:22,692 INFO     ___FILE_ONLY___ ═
2025-02-19 18:24:22,692 INFO     ___FILE_ONLY___ ═
2025-02-19 18:24:22,692 INFO     ___FILE_ONLY___ ═
2025-02-19 18:24:22,692 INFO     ___FILE_ONLY___ ═
2025-02-19 18:24:22,693 INFO     ___FILE_ONLY___ ═
2025-02-19 18:24:22,693 INFO     ___FILE_ONLY___ ═
2025-02-19 18:24:22,693 INFO     ___FILE_ONLY___ ═
2025-02-19 18:24:22,694 INFO     ___FILE_ONLY___ ═
2025-02-19 18:24:22,694 INFO     ___FILE_ONLY___ ═
2025-02-19 18:24:22,694 INFO     ___FILE_ONLY___ ═
2025-02-19 18:24:22,694 INFO     ___FILE_ONLY___ ═
2025-02-19 18:24:22,695 INFO     ___FILE_ONLY___ ═
2025-02-19 18:24:22,695 INFO     ___FILE_ONLY___ ═
2025-02-19 18:24:22,695 INFO     ___FILE_ONLY___ ═
2025-02-19 18:24:22,695 INFO     ___FILE_ONLY___ ═
2025-02-19 18:24:22,696 INFO     ___FILE_ONLY___ ═
2025-02-19 18:24:22,696 INFO     ___FILE_ONLY___ ═
2025-02-19 18:24:22,696 INFO     ___FILE_ONLY___ ═
2025-02-19 18:24:22,696 INFO     ___FILE_ONLY___ ═
2025-02-19 18:24:22,697 INFO     ___FILE_ONLY___ ═
2025-02-19 18:24:22,697 INFO     ___FILE_ONLY___ ═
2025-02-19 18:24:22,697 INFO     ___FILE_ONLY___ ═
2025-02-19 18:24:22,697 INFO     ___FILE_ONLY___ ═
2025-02-19 18:24:22,698 INFO     ___FILE_ONLY___ ═
2025-02-19 18:24:22,698 INFO     ___FILE_ONLY___ ═
2025-02-19 18:24:22,698 INFO     ___FILE_ONLY___ ═
2025-02-19 18:24:22,699 INFO     ___FILE_ONLY___ ═
2025-02-19 18:24:22,699 INFO     ___FILE_ONLY___ ═
2025-02-19 18:24:22,699 INFO     ___FILE_ONLY___ ═
2025-02-19 18:24:22,699 INFO     ___FILE_ONLY___ ═
2025-02-19 18:24:22,700 INFO     ___FILE_ONLY___ ═
2025-02-19 18:24:22,700 INFO     ___FILE_ONLY___ ═
2025-02-19 18:24:22,700 INFO     ___FILE_ONLY___ ═
2025-02-19 18:24:22,700 INFO     ___FILE_ONLY___ ═
2025-02-19 18:24:22,701 INFO     ___FILE_ONLY___ ═
2025-02-19 18:24:22,701 INFO     ___FILE_ONLY___ ═
2025-02-19 18:24:22,701 INFO     ___FILE_ONLY___ ═
2025-02-19 18:24:22,701 INFO     ___FILE_ONLY___ ═
2025-02-19 18:24:22,702 INFO     ___FILE_ONLY___ ═
2025-02-19 18:24:22,702 INFO     ___FILE_ONLY___ ═
2025-02-19 18:24:22,702 INFO     ___FILE_ONLY___ ═
2025-02-19 18:24:22,702 INFO     ___FILE_ONLY___ ═
2025-02-19 18:24:22,703 INFO     ___FILE_ONLY___ ═
2025-02-19 18:24:22,703 INFO     ___FILE_ONLY___ ═
2025-02-19 18:24:22,703 INFO     ___FILE_ONLY___ ═
2025-02-19 18:24:22,703 INFO     ___FILE_ONLY___ ═
2025-02-19 18:24:22,704 INFO     ___FILE_ONLY___ ═
2025-02-19 18:24:22,704 INFO     ___FILE_ONLY___ ═
2025-02-19 18:24:22,704 INFO     ___FILE_ONLY___ ═
2025-02-19 18:24:22,704 INFO     ___FILE_ONLY___ ═
2025-02-19 18:24:22,705 INFO     ___FILE_ONLY___ ═
2025-02-19 18:24:22,705 INFO     ___FILE_ONLY___ ═
2025-02-19 18:24:22,705 INFO     ___FILE_ONLY___ ═
2025-02-19 18:24:22,706 INFO     ___FILE_ONLY___ ═
2025-02-19 18:24:22,706 INFO     ___FILE_ONLY___ ═
2025-02-19 18:24:22,706 INFO     ___FILE_ONLY___ ═
2025-02-19 18:24:22,706 INFO     ___FILE_ONLY___ ═
2025-02-19 18:24:22,707 INFO     ___FILE_ONLY___ ═
2025-02-19 18:24:22,707 INFO     ___FILE_ONLY___ ╝

2025-02-19 18:24:22,709 INFO     ___FILE_ONLY___ ╔════════════════════════════════════════════════════════════╗

2025-02-19 18:24:22,709 INFO     ___FILE_ONLY___ ╠═ Downloading: Cloud Storage Command Line Tool (Platfor... ═╣

2025-02-19 18:24:22,709 INFO     ___FILE_ONLY___ ╚
2025-02-19 18:24:22,712 DEBUG    urllib3.connectionpool Starting new HTTPS connection (1): dl.google.com:443
2025-02-19 18:24:22,727 DEBUG    urllib3.connectionpool https://dl.google.com:443 "GET /dl/cloudsdk/channels/rapid/components/google-cloud-sdk-gsutil-nix-20240830134514.tar.gz HTTP/11" 200 1928
2025-02-19 18:24:22,727 INFO     ___FILE_ONLY___ ════════════════════════════════════════════════════════════
2025-02-19 18:24:22,727 INFO     ___FILE_ONLY___ ╝

2025-02-19 18:24:22,729 INFO     ___FILE_ONLY___ ╔════════════════════════════════════════════════════════════╗

2025-02-19 18:24:22,729 INFO     ___FILE_ONLY___ ╠═ Downloading: Default set of gcloud commands              ═╣

2025-02-19 18:24:22,729 INFO     ___FILE_ONLY___ ╚
2025-02-19 18:24:22,729 INFO     ___FILE_ONLY___ ════════════════════════════════════════════════════════════
2025-02-19 18:24:22,729 INFO     ___FILE_ONLY___ ╝

2025-02-19 18:24:22,731 INFO     ___FILE_ONLY___ ╔════════════════════════════════════════════════════════════╗

2025-02-19 18:24:22,731 INFO     ___FILE_ONLY___ ╠═ Downloading: Google Cloud CLI Core Libraries (Platfor... ═╣

2025-02-19 18:24:22,731 INFO     ___FILE_ONLY___ ╚
2025-02-19 18:24:22,734 DEBUG    urllib3.connectionpool Starting new HTTPS connection (1): dl.google.com:443
2025-02-19 18:24:22,749 DEBUG    urllib3.connectionpool https://dl.google.com:443 "GET /dl/cloudsdk/channels/rapid/components/google-cloud-sdk-core-nix-20240830134514.tar.gz HTTP/11" 200 2306
2025-02-19 18:24:22,749 INFO     ___FILE_ONLY___ ════════════════════════════════════════════════════════════
2025-02-19 18:24:22,749 INFO     ___FILE_ONLY___ ╝

2025-02-19 18:24:22,751 INFO     ___FILE_ONLY___ ╔════════════════════════════════════════════════════════════╗

2025-02-19 18:24:22,751 INFO     ___FILE_ONLY___ ╠═ Downloading: Google Cloud CRC32C Hash Tool               ═╣

2025-02-19 18:24:22,751 INFO     ___FILE_ONLY___ ╚
2025-02-19 18:24:22,751 INFO     ___FILE_ONLY___ ════════════════════════════════════════════════════════════
2025-02-19 18:24:22,751 INFO     ___FILE_ONLY___ ╝

2025-02-19 18:24:22,753 INFO     ___FILE_ONLY___ ╔════════════════════════════════════════════════════════════╗

2025-02-19 18:24:22,753 INFO     ___FILE_ONLY___ ╠═ Downloading: Google Cloud CRC32C Hash Tool (Platform ... ═╣

2025-02-19 18:24:22,753 INFO     ___FILE_ONLY___ ╚
2025-02-19 18:24:22,756 DEBUG    urllib3.connectionpool Starting new HTTPS connection (1): dl.google.com:443
2025-02-19 18:24:22,767 DEBUG    urllib3.connectionpool https://dl.google.com:443 "GET /dl/cloudsdk/channels/rapid/components/google-cloud-sdk-gcloud-crc32c-linux-x86_64-20250110133808.tar.gz HTTP/11" 200 1478989
2025-02-19 18:24:22,776 INFO     ___FILE_ONLY___ ═
2025-02-19 18:24:22,776 INFO     ___FILE_ONLY___ ═
2025-02-19 18:24:22,777 INFO     ___FILE_ONLY___ ═
2025-02-19 18:24:22,777 INFO     ___FILE_ONLY___ ═
2025-02-19 18:24:22,777 INFO     ___FILE_ONLY___ ═
2025-02-19 18:24:22,777 INFO     ___FILE_ONLY___ ═
2025-02-19 18:24:22,777 INFO     ___FILE_ONLY___ ═
2025-02-19 18:24:22,777 INFO     ___FILE_ONLY___ ═
2025-02-19 18:24:22,777 INFO     ___FILE_ONLY___ ═
2025-02-19 18:24:22,777 INFO     ___FILE_ONLY___ ═
2025-02-19 18:24:22,777 INFO     ___FILE_ONLY___ ═
2025-02-19 18:24:22,777 INFO     ___FILE_ONLY___ ═
2025-02-19 18:24:22,777 INFO     ___FILE_ONLY___ ═
2025-02-19 18:24:22,777 INFO     ___FILE_ONLY___ ═
2025-02-19 18:24:22,777 INFO     ___FILE_ONLY___ ═
2025-02-19 18:24:22,778 INFO     ___FILE_ONLY___ ═
2025-02-19 18:24:22,778 INFO     ___FILE_ONLY___ ═
2025-02-19 18:24:22,778 INFO     ___FILE_ONLY___ ═
2025-02-19 18:24:22,778 INFO     ___FILE_ONLY___ ═
2025-02-19 18:24:22,778 INFO     ___FILE_ONLY___ ═
2025-02-19 18:24:22,778 INFO     ___FILE_ONLY___ ═
2025-02-19 18:24:22,778 INFO     ___FILE_ONLY___ ═
2025-02-19 18:24:22,778 INFO     ___FILE_ONLY___ ═
2025-02-19 18:24:22,778 INFO     ___FILE_ONLY___ ═
2025-02-19 18:24:22,778 INFO     ___FILE_ONLY___ ═
2025-02-19 18:24:22,778 INFO     ___FILE_ONLY___ ═
2025-02-19 18:24:22,778 INFO     ___FILE_ONLY___ ═
2025-02-19 18:24:22,778 INFO     ___FILE_ONLY___ ═
2025-02-19 18:24:22,778 INFO     ___FILE_ONLY___ ═
2025-02-19 18:24:22,779 INFO     ___FILE_ONLY___ ═
2025-02-19 18:24:22,779 INFO     ___FILE_ONLY___ ═
2025-02-19 18:24:22,779 INFO     ___FILE_ONLY___ ═
2025-02-19 18:24:22,779 INFO     ___FILE_ONLY___ ═
2025-02-19 18:24:22,779 INFO     ___FILE_ONLY___ ═
2025-02-19 18:24:22,779 INFO     ___FILE_ONLY___ ═
2025-02-19 18:24:22,779 INFO     ___FILE_ONLY___ ═
2025-02-19 18:24:22,779 INFO     ___FILE_ONLY___ ═
2025-02-19 18:24:22,779 INFO     ___FILE_ONLY___ ═
2025-02-19 18:24:22,779 INFO     ___FILE_ONLY___ ═
2025-02-19 18:24:22,779 INFO     ___FILE_ONLY___ ═
2025-02-19 18:24:22,779 INFO     ___FILE_ONLY___ ═
2025-02-19 18:24:22,779 INFO     ___FILE_ONLY___ ═
2025-02-19 18:24:22,780 INFO     ___FILE_ONLY___ ═
2025-02-19 18:24:22,780 INFO     ___FILE_ONLY___ ═
2025-02-19 18:24:22,780 INFO     ___FILE_ONLY___ ═
2025-02-19 18:24:22,780 INFO     ___FILE_ONLY___ ═
2025-02-19 18:24:22,780 INFO     ___FILE_ONLY___ ═
2025-02-19 18:24:22,780 INFO     ___FILE_ONLY___ ═
2025-02-19 18:24:22,780 INFO     ___FILE_ONLY___ ═
2025-02-19 18:24:22,780 INFO     ___FILE_ONLY___ ═
2025-02-19 18:24:22,780 INFO     ___FILE_ONLY___ ═
2025-02-19 18:24:22,780 INFO     ___FILE_ONLY___ ═
2025-02-19 18:24:22,780 INFO     ___FILE_ONLY___ ═
2025-02-19 18:24:22,780 INFO     ___FILE_ONLY___ ═
2025-02-19 18:24:22,780 INFO     ___FILE_ONLY___ ═
2025-02-19 18:24:22,781 INFO     ___FILE_ONLY___ ═
2025-02-19 18:24:22,781 INFO     ___FILE_ONLY___ ═
2025-02-19 18:24:22,781 INFO     ___FILE_ONLY___ ═
2025-02-19 18:24:22,781 INFO     ___FILE_ONLY___ ═
2025-02-19 18:24:22,781 INFO     ___FILE_ONLY___ ═
2025-02-19 18:24:22,781 INFO     ___FILE_ONLY___ ╝

2025-02-19 18:24:22,783 INFO     ___FILE_ONLY___ ╔════════════════════════════════════════════════════════════╗

2025-02-19 18:24:22,783 INFO     ___FILE_ONLY___ ╠═ Downloading: gcloud cli dependencies (Platform Specific) ═╣

2025-02-19 18:24:22,783 INFO     ___FILE_ONLY___ ╚
2025-02-19 18:24:22,787 DEBUG    urllib3.connectionpool Starting new HTTPS connection (1): dl.google.com:443
2025-02-19 18:24:22,829 DEBUG    urllib3.connectionpool https://dl.google.com:443 "GET /dl/cloudsdk/channels/rapid/components/google-cloud-sdk-gcloud-deps-linux-x86_64-20210416153011.tar.gz HTTP/11" 200 104
2025-02-19 18:24:22,830 INFO     ___FILE_ONLY___ ════════════════════════════════════════════════════════════
2025-02-19 18:24:22,830 INFO     ___FILE_ONLY___ ╝

2025-02-19 18:24:22,832 INFO     ___FILE_ONLY___ ╔════════════════════════════════════════════════════════════╗

2025-02-19 18:24:22,832 INFO     ___FILE_ONLY___ ╠═ Installing: BigQuery Command Line Tool                   ═╣

2025-02-19 18:24:22,832 INFO     ___FILE_ONLY___ ╚
2025-02-19 18:24:22,923 INFO     ___FILE_ONLY___ ═
2025-02-19 18:24:22,926 INFO     ___FILE_ONLY___ ═
2025-02-19 18:24:22,928 INFO     ___FILE_ONLY___ ═
2025-02-19 18:24:22,930 INFO     ___FILE_ONLY___ ═
2025-02-19 18:24:22,933 INFO     ___FILE_ONLY___ ═
2025-02-19 18:24:22,935 INFO     ___FILE_ONLY___ ═
2025-02-19 18:24:22,937 INFO     ___FILE_ONLY___ ═
2025-02-19 18:24:22,939 INFO     ___FILE_ONLY___ ═
2025-02-19 18:24:22,941 INFO     ___FILE_ONLY___ ═
2025-02-19 18:24:22,943 INFO     ___FILE_ONLY___ ═
2025-02-19 18:24:22,945 INFO     ___FILE_ONLY___ ═
2025-02-19 18:24:22,948 INFO     ___FILE_ONLY___ ═
2025-02-19 18:24:22,949 INFO     ___FILE_ONLY___ ═
2025-02-19 18:24:22,952 INFO     ___FILE_ONLY___ ═
2025-02-19 18:24:22,954 INFO     ___FILE_ONLY___ ═
2025-02-19 18:24:22,956 INFO     ___FILE_ONLY___ ═
2025-02-19 18:24:22,958 INFO     ___FILE_ONLY___ ═
2025-02-19 18:24:22,961 INFO     ___FILE_ONLY___ ═
2025-02-19 18:24:22,963 INFO     ___FILE_ONLY___ ═
2025-02-19 18:24:22,965 INFO     ___FILE_ONLY___ ═
2025-02-19 18:24:22,967 INFO     ___FILE_ONLY___ ═
2025-02-19 18:24:22,969 INFO     ___FILE_ONLY___ ═
2025-02-19 18:24:22,971 INFO     ___FILE_ONLY___ ═
2025-02-19 18:24:22,973 INFO     ___FILE_ONLY___ ═
2025-02-19 18:24:22,975 INFO     ___FILE_ONLY___ ═
2025-02-19 18:24:22,977 INFO     ___FILE_ONLY___ ═
2025-02-19 18:24:22,979 INFO     ___FILE_ONLY___ ═
2025-02-19 18:24:22,981 INFO     ___FILE_ONLY___ ═
2025-02-19 18:24:22,985 INFO     ___FILE_ONLY___ ═
2025-02-19 18:24:22,987 INFO     ___FILE_ONLY___ ═
2025-02-19 18:24:22,988 INFO     ___FILE_ONLY___ ═
2025-02-19 18:24:22,990 INFO     ___FILE_ONLY___ ═
2025-02-19 18:24:22,994 INFO     ___FILE_ONLY___ ═
2025-02-19 18:24:22,997 INFO     ___FILE_ONLY___ ═
2025-02-19 18:24:23,006 INFO     ___FILE_ONLY___ ═
2025-02-19 18:24:23,011 INFO     ___FILE_ONLY___ ═
2025-02-19 18:24:23,013 INFO     ___FILE_ONLY___ ═
2025-02-19 18:24:23,015 INFO     ___FILE_ONLY___ ═
2025-02-19 18:24:23,018 INFO     ___FILE_ONLY___ ═
2025-02-19 18:24:23,020 INFO     ___FILE_ONLY___ ═
2025-02-19 18:24:23,022 INFO     ___FILE_ONLY___ ═
2025-02-19 18:24:23,025 INFO     ___FILE_ONLY___ ═
2025-02-19 18:24:23,028 INFO     ___FILE_ONLY___ ═
2025-02-19 18:24:23,030 INFO     ___FILE_ONLY___ ═
2025-02-19 18:24:23,032 INFO     ___FILE_ONLY___ ═
2025-02-19 18:24:23,034 INFO     ___FILE_ONLY___ ═
2025-02-19 18:24:23,036 INFO     ___FILE_ONLY___ ═
2025-02-19 18:24:23,038 INFO     ___FILE_ONLY___ ═
2025-02-19 18:24:23,040 INFO     ___FILE_ONLY___ ═
2025-02-19 18:24:23,042 INFO     ___FILE_ONLY___ ═
2025-02-19 18:24:23,044 INFO     ___FILE_ONLY___ ═
2025-02-19 18:24:23,046 INFO     ___FILE_ONLY___ ═
2025-02-19 18:24:23,047 INFO     ___FILE_ONLY___ ═
2025-02-19 18:24:23,049 INFO     ___FILE_ONLY___ ═
2025-02-19 18:24:23,051 INFO     ___FILE_ONLY___ ═
2025-02-19 18:24:23,053 INFO     ___FILE_ONLY___ ═
2025-02-19 18:24:23,055 INFO     ___FILE_ONLY___ ═
2025-02-19 18:24:23,057 INFO     ___FILE_ONLY___ ═
2025-02-19 18:24:23,058 INFO     ___FILE_ONLY___ ═
2025-02-19 18:24:23,060 INFO     ___FILE_ONLY___ ═
2025-02-19 18:24:23,061 INFO     ___FILE_ONLY___ ╝

2025-02-19 18:24:23,068 INFO     ___FILE_ONLY___ ╔════════════════════════════════════════════════════════════╗

2025-02-19 18:24:23,068 INFO     ___FILE_ONLY___ ╠═ Installing: BigQuery Command Line Tool (Platform Spec... ═╣

2025-02-19 18:24:23,068 INFO     ___FILE_ONLY___ ╚
2025-02-19 18:24:23,069 INFO     ___FILE_ONLY___ ════════════════════════════════════════════════════════════
2025-02-19 18:24:23,069 INFO     ___FILE_ONLY___ ╝

2025-02-19 18:24:23,073 INFO     ___FILE_ONLY___ ╔════════════════════════════════════════════════════════════╗

2025-02-19 18:24:23,073 INFO     ___FILE_ONLY___ ╠═ Installing: Bundled Python 3.12                          ═╣

2025-02-19 18:24:23,073 INFO     ___FILE_ONLY___ ╚
2025-02-19 18:24:23,075 INFO     ___FILE_ONLY___ ════════════════════════════════════════════════════════════
2025-02-19 18:24:23,075 INFO     ___FILE_ONLY___ ╝

2025-02-19 18:24:23,077 INFO     ___FILE_ONLY___ ╔════════════════════════════════════════════════════════════╗

2025-02-19 18:24:23,077 INFO     ___FILE_ONLY___ ╠═ Installing: Bundled Python 3.12 (Platform Specific)      ═╣

2025-02-19 18:24:23,077 INFO     ___FILE_ONLY___ ╚
2025-02-19 18:24:26,191 INFO     ___FILE_ONLY___ ═
2025-02-19 18:24:26,671 INFO     ___FILE_ONLY___ ═
2025-02-19 18:24:26,691 INFO     ___FILE_ONLY___ ═
2025-02-19 18:24:26,725 INFO     ___FILE_ONLY___ ═
2025-02-19 18:24:26,746 INFO     ___FILE_ONLY___ ═
2025-02-19 18:24:26,773 INFO     ___FILE_ONLY___ ═
2025-02-19 18:24:26,802 INFO     ___FILE_ONLY___ ═
2025-02-19 18:24:26,821 INFO     ___FILE_ONLY___ ═
2025-02-19 18:24:26,838 INFO     ___FILE_ONLY___ ═
2025-02-19 18:24:26,854 INFO     ___FILE_ONLY___ ═
2025-02-19 18:24:26,869 INFO     ___FILE_ONLY___ ═
2025-02-19 18:24:26,893 INFO     ___FILE_ONLY___ ═
2025-02-19 18:24:27,032 INFO     ___FILE_ONLY___ ═
2025-02-19 18:24:27,048 INFO     ___FILE_ONLY___ ═
2025-02-19 18:24:27,063 INFO     ___FILE_ONLY___ ═
2025-02-19 18:24:27,081 INFO     ___FILE_ONLY___ ═
2025-02-19 18:24:27,097 INFO     ___FILE_ONLY___ ═
2025-02-19 18:24:27,115 INFO     ___FILE_ONLY___ ═
2025-02-19 18:24:27,135 INFO     ___FILE_ONLY___ ═
2025-02-19 18:24:27,157 INFO     ___FILE_ONLY___ ═
2025-02-19 18:24:27,174 INFO     ___FILE_ONLY___ ═
2025-02-19 18:24:27,273 INFO     ___FILE_ONLY___ ═
2025-02-19 18:24:27,296 INFO     ___FILE_ONLY___ ═
2025-02-19 18:24:27,811 INFO     ___FILE_ONLY___ ═
2025-02-19 18:24:27,829 INFO     ___FILE_ONLY___ ═
2025-02-19 18:24:27,845 INFO     ___FILE_ONLY___ ═
2025-02-19 18:24:27,859 INFO     ___FILE_ONLY___ ═
2025-02-19 18:24:27,872 INFO     ___FILE_ONLY___ ═
2025-02-19 18:24:27,886 INFO     ___FILE_ONLY___ ═
2025-02-19 18:24:27,900 INFO     ___FILE_ONLY___ ═
2025-02-19 18:24:27,913 INFO     ___FILE_ONLY___ ═
2025-02-19 18:24:27,925 INFO     ___FILE_ONLY___ ═
2025-02-19 18:24:27,939 INFO     ___FILE_ONLY___ ═
2025-02-19 18:24:27,952 INFO     ___FILE_ONLY___ ═
2025-02-19 18:24:27,965 INFO     ___FILE_ONLY___ ═
2025-02-19 18:24:27,979 INFO     ___FILE_ONLY___ ═
2025-02-19 18:24:27,993 INFO     ___FILE_ONLY___ ═
2025-02-19 18:24:28,006 INFO     ___FILE_ONLY___ ═
2025-02-19 18:24:28,020 INFO     ___FILE_ONLY___ ═
2025-02-19 18:24:28,033 INFO     ___FILE_ONLY___ ═
2025-02-19 18:24:28,047 INFO     ___FILE_ONLY___ ═
2025-02-19 18:24:28,061 INFO     ___FILE_ONLY___ ═
2025-02-19 18:24:28,074 INFO     ___FILE_ONLY___ ═
2025-02-19 18:24:28,088 INFO     ___FILE_ONLY___ ═
2025-02-19 18:24:28,101 INFO     ___FILE_ONLY___ ═
2025-02-19 18:24:28,115 INFO     ___FILE_ONLY___ ═
2025-02-19 18:24:28,129 INFO     ___FILE_ONLY___ ═
2025-02-19 18:24:28,143 INFO     ___FILE_ONLY___ ═
2025-02-19 18:24:28,157 INFO     ___FILE_ONLY___ ═
2025-02-19 18:24:28,169 INFO     ___FILE_ONLY___ ═
2025-02-19 18:24:28,180 INFO     ___FILE_ONLY___ ═
2025-02-19 18:24:28,191 INFO     ___FILE_ONLY___ ═
2025-02-19 18:24:28,202 INFO     ___FILE_ONLY___ ═
2025-02-19 18:24:28,213 INFO     ___FILE_ONLY___ ═
2025-02-19 18:24:28,225 INFO     ___FILE_ONLY___ ═
2025-02-19 18:24:28,236 INFO     ___FILE_ONLY___ ═
2025-02-19 18:24:28,247 INFO     ___FILE_ONLY___ ═
2025-02-19 18:24:28,259 INFO     ___FILE_ONLY___ ═
2025-02-19 18:24:28,271 INFO     ___FILE_ONLY___ ═
2025-02-19 18:24:28,282 INFO     ___FILE_ONLY___ ═
2025-02-19 18:24:28,282 INFO     ___FILE_ONLY___ ╝

2025-02-19 18:24:28,333 INFO     ___FILE_ONLY___ ╔════════════════════════════════════════════════════════════╗

2025-02-19 18:24:28,334 INFO     ___FILE_ONLY___ ╠═ Installing: Cloud Storage Command Line Tool              ═╣

2025-02-19 18:24:28,334 INFO     ___FILE_ONLY___ ╚
2025-02-19 18:24:28,857 INFO     ___FILE_ONLY___ ═
2025-02-19 18:24:28,872 INFO     ___FILE_ONLY___ ═
2025-02-19 18:24:28,892 INFO     ___FILE_ONLY___ ═
2025-02-19 18:24:28,907 INFO     ___FILE_ONLY___ ═
2025-02-19 18:24:28,927 INFO     ___FILE_ONLY___ ═
2025-02-19 18:24:28,947 INFO     ___FILE_ONLY___ ═
2025-02-19 18:24:28,971 INFO     ___FILE_ONLY___ ═
2025-02-19 18:24:28,987 INFO     ___FILE_ONLY___ ═
2025-02-19 18:24:29,002 INFO     ___FILE_ONLY___ ═
2025-02-19 18:24:29,016 INFO     ___FILE_ONLY___ ═
2025-02-19 18:24:29,030 INFO     ___FILE_ONLY___ ═
2025-02-19 18:24:29,042 INFO     ___FILE_ONLY___ ═
2025-02-19 18:24:29,052 INFO     ___FILE_ONLY___ ═
2025-02-19 18:24:29,062 INFO     ___FILE_ONLY___ ═
2025-02-19 18:24:29,073 INFO     ___FILE_ONLY___ ═
2025-02-19 18:24:29,083 INFO     ___FILE_ONLY___ ═
2025-02-19 18:24:29,094 INFO     ___FILE_ONLY___ ═
2025-02-19 18:24:29,104 INFO     ___FILE_ONLY___ ═
2025-02-19 18:24:29,114 INFO     ___FILE_ONLY___ ═
2025-02-19 18:24:29,123 INFO     ___FILE_ONLY___ ═
2025-02-19 18:24:29,135 INFO     ___FILE_ONLY___ ═
2025-02-19 18:24:29,148 INFO     ___FILE_ONLY___ ═
2025-02-19 18:24:29,162 INFO     ___FILE_ONLY___ ═
2025-02-19 18:24:29,171 INFO     ___FILE_ONLY___ ═
2025-02-19 18:24:29,182 INFO     ___FILE_ONLY___ ═
2025-02-19 18:24:29,196 INFO     ___FILE_ONLY___ ═
2025-02-19 18:24:29,212 INFO     ___FILE_ONLY___ ═
2025-02-19 18:24:29,229 INFO     ___FILE_ONLY___ ═
2025-02-19 18:24:29,244 INFO     ___FILE_ONLY___ ═
2025-02-19 18:24:29,263 INFO     ___FILE_ONLY___ ═
2025-02-19 18:24:29,272 INFO     ___FILE_ONLY___ ═
2025-02-19 18:24:29,283 INFO     ___FILE_ONLY___ ═
2025-02-19 18:24:29,299 INFO     ___FILE_ONLY___ ═
2025-02-19 18:24:29,311 INFO     ___FILE_ONLY___ ═
2025-02-19 18:24:29,321 INFO     ___FILE_ONLY___ ═
2025-02-19 18:24:29,330 INFO     ___FILE_ONLY___ ═
2025-02-19 18:24:29,339 INFO     ___FILE_ONLY___ ═
2025-02-19 18:24:29,348 INFO     ___FILE_ONLY___ ═
2025-02-19 18:24:29,358 INFO     ___FILE_ONLY___ ═
2025-02-19 18:24:29,369 INFO     ___FILE_ONLY___ ═
2025-02-19 18:24:29,377 INFO     ___FILE_ONLY___ ═
2025-02-19 18:24:29,389 INFO     ___FILE_ONLY___ ═
2025-02-19 18:24:29,398 INFO     ___FILE_ONLY___ ═
2025-02-19 18:24:29,410 INFO     ___FILE_ONLY___ ═
2025-02-19 18:24:29,425 INFO     ___FILE_ONLY___ ═
2025-02-19 18:24:29,435 INFO     ___FILE_ONLY___ ═
2025-02-19 18:24:29,443 INFO     ___FILE_ONLY___ ═
2025-02-19 18:24:29,453 INFO     ___FILE_ONLY___ ═
2025-02-19 18:24:29,462 INFO     ___FILE_ONLY___ ═
2025-02-19 18:24:29,474 INFO     ___FILE_ONLY___ ═
2025-02-19 18:24:29,489 INFO     ___FILE_ONLY___ ═
2025-02-19 18:24:29,500 INFO     ___FILE_ONLY___ ═
2025-02-19 18:24:29,514 INFO     ___FILE_ONLY___ ═
2025-02-19 18:24:29,526 INFO     ___FILE_ONLY___ ═
2025-02-19 18:24:29,560 INFO     ___FILE_ONLY___ ═
2025-02-19 18:24:29,569 INFO     ___FILE_ONLY___ ═
2025-02-19 18:24:29,578 INFO     ___FILE_ONLY___ ═
2025-02-19 18:24:29,588 INFO     ___FILE_ONLY___ ═
2025-02-19 18:24:29,598 INFO     ___FILE_ONLY___ ═
2025-02-19 18:24:29,611 INFO     ___FILE_ONLY___ ═
2025-02-19 18:24:29,611 INFO     ___FILE_ONLY___ ╝

2025-02-19 18:24:29,641 INFO     ___FILE_ONLY___ ╔════════════════════════════════════════════════════════════╗

2025-02-19 18:24:29,641 INFO     ___FILE_ONLY___ ╠═ Installing: Cloud Storage Command Line Tool (Platform... ═╣

2025-02-19 18:24:29,641 INFO     ___FILE_ONLY___ ╚
2025-02-19 18:24:29,641 INFO     ___FILE_ONLY___ ════════════════════════════════════════════════════════════
2025-02-19 18:24:29,642 INFO     ___FILE_ONLY___ ╝

2025-02-19 18:24:29,645 INFO     ___FILE_ONLY___ ╔════════════════════════════════════════════════════════════╗

2025-02-19 18:24:29,646 INFO     ___FILE_ONLY___ ╠═ Installing: Default set of gcloud commands               ═╣

2025-02-19 18:24:29,646 INFO     ___FILE_ONLY___ ╚
2025-02-19 18:24:29,648 INFO     ___FILE_ONLY___ ════════════════════════════════════════════════════════════
2025-02-19 18:24:29,648 INFO     ___FILE_ONLY___ ╝

2025-02-19 18:24:29,649 INFO     ___FILE_ONLY___ ╔════════════════════════════════════════════════════════════╗

2025-02-19 18:24:29,650 INFO     ___FILE_ONLY___ ╠═ Installing: Google Cloud CLI Core Libraries (Platform... ═╣

2025-02-19 18:24:29,650 INFO     ___FILE_ONLY___ ╚
2025-02-19 18:24:29,650 INFO     ___FILE_ONLY___ ══════════════════════════════
2025-02-19 18:24:29,651 INFO     ___FILE_ONLY___ ══════════════════════════════
2025-02-19 18:24:29,651 INFO     ___FILE_ONLY___ ╝

2025-02-19 18:24:29,654 INFO     ___FILE_ONLY___ ╔════════════════════════════════════════════════════════════╗

2025-02-19 18:24:29,655 INFO     ___FILE_ONLY___ ╠═ Installing: Google Cloud CRC32C Hash Tool                ═╣

2025-02-19 18:24:29,655 INFO     ___FILE_ONLY___ ╚
2025-02-19 18:24:29,657 INFO     ___FILE_ONLY___ ════════════════════════════════════════════════════════════
2025-02-19 18:24:29,657 INFO     ___FILE_ONLY___ ╝

2025-02-19 18:24:29,658 INFO     ___FILE_ONLY___ ╔════════════════════════════════════════════════════════════╗

2025-02-19 18:24:29,659 INFO     ___FILE_ONLY___ ╠═ Installing: Google Cloud CRC32C Hash Tool (Platform S... ═╣

2025-02-19 18:24:29,659 INFO     ___FILE_ONLY___ ╚
2025-02-19 18:24:29,696 INFO     ___FILE_ONLY___ ══════════════════════════════
2025-02-19 18:24:29,697 INFO     ___FILE_ONLY___ ══════════════════════════════
2025-02-19 18:24:29,697 INFO     ___FILE_ONLY___ ╝

2025-02-19 18:24:29,701 INFO     ___FILE_ONLY___ ╔════════════════════════════════════════════════════════════╗

2025-02-19 18:24:29,701 INFO     ___FILE_ONLY___ ╠═ Installing: gcloud cli dependencies (Platform Specific)  ═╣

2025-02-19 18:24:29,701 INFO     ___FILE_ONLY___ ╚
2025-02-19 18:24:29,702 INFO     ___FILE_ONLY___ ════════════════════════════════════════════════════════════
2025-02-19 18:24:29,702 INFO     ___FILE_ONLY___ ╝

2025-02-19 18:24:29,706 DEBUG    root            Updating notification cache...
2025-02-19 18:24:29,707 INFO     ___FILE_ONLY___ 

2025-02-19 18:24:29,708 INFO     ___FILE_ONLY___ Performing post processing steps...
2025-02-19 18:24:29,709 DEBUG    root            Executing command: ['/tools/google-cloud-sdk/bin/gcloud', 'components', 'post-process']
2025-02-19 18:24:37,972 DEBUG    ___FILE_ONLY___ 
2025-02-19 18:24:37,972 DEBUG    ___FILE_ONLY___ 
2025-02-19 18:24:38,230 INFO     ___FILE_ONLY___ 
Update done!


2025-02-19 18:24:38,233 DEBUG    root            Chosen display Format:none
2025-02-19 18:24:38,234 INFO     root            Display format: "none"
