2025-02-19 18:24:38,871 DEBUG    root            Loaded Command Group: ['gcloud', 'components']
2025-02-19 18:24:38,873 DEBUG    root            Loaded Command Group: ['gcloud', 'components', 'update']
2025-02-19 18:24:38,875 DEBUG    root            Running [gcloud.components.update] with arguments: [--quiet: "True", COMPONENT-IDS:8: "['gcloud', 'core', 'bq', 'gsutil', 'compute', 'preview', 'alpha', 'beta']"]
2025-02-19 18:24:38,876 INFO     ___FILE_ONLY___ Beginning update. This process may take several minutes.

2025-02-19 18:24:38,884 DEBUG    urllib3.connectionpool Starting new HTTPS connection (1): dl.google.com:443
2025-02-19 18:24:38,895 DEBUG    urllib3.connectionpool https://dl.google.com:443 "GET /dl/cloudsdk/channels/rapid/components-2.json HTTP/11" 200 227832
2025-02-19 18:24:38,908 WARNING  root            Component [compute] no longer exists.
2025-02-19 18:24:38,909 INFO     ___FILE_ONLY___ 

2025-02-19 18:24:38,909 INFO     ___FILE_ONLY___ 
Your current Google Cloud CLI version is: 511.0.0

2025-02-19 18:24:38,909 INFO     ___FILE_ONLY___ Installing components from version: 511.0.0

2025-02-19 18:24:38,909 INFO     ___FILE_ONLY___ 

2025-02-19 18:24:38,910 DEBUG    root            Chosen display Format:table[box,title="These components will be removed."](details.display_name:label=Name:align=left,version.version_string:label=Version:align=right,data.size.size(zero="",min=1048576):label=Size:align=right)
2025-02-19 18:24:38,910 DEBUG    root            Chosen display Format:table[box,title="These components will be updated."](details.display_name:label=Name:align=left,version.version_string:label=Version:align=right,data.size.size(zero="",min=1048576):label=Size:align=right)
2025-02-19 18:24:38,910 DEBUG    root            Chosen display Format:table[box,title="These components will be installed."](details.display_name:label=Name:align=left,version.version_string:label=Version:align=right,data.size.size(zero="",min=1048576):label=Size:align=right)
2025-02-19 18:24:38,924 INFO     ___FILE_ONLY___ ┌────────────────────────────────────────────────┐
2025-02-19 18:24:38,924 INFO     ___FILE_ONLY___ 

2025-02-19 18:24:38,924 INFO     ___FILE_ONLY___ │      These components will be installed.       │
2025-02-19 18:24:38,924 INFO     ___FILE_ONLY___ 

2025-02-19 18:24:38,924 INFO     ___FILE_ONLY___ ├─────────────────────────┬────────────┬─────────┤
2025-02-19 18:24:38,924 INFO     ___FILE_ONLY___ 

2025-02-19 18:24:38,924 INFO     ___FILE_ONLY___ │           Name          │  Version   │   Size  │
2025-02-19 18:24:38,924 INFO     ___FILE_ONLY___ 

2025-02-19 18:24:38,924 INFO     ___FILE_ONLY___ ├─────────────────────────┼────────────┼─────────┤
2025-02-19 18:24:38,925 INFO     ___FILE_ONLY___ 

2025-02-19 18:24:38,925 INFO     ___FILE_ONLY___ │ 
2025-02-19 18:24:38,925 INFO     ___FILE_ONLY___ gcloud Alpha Commands  
2025-02-19 18:24:38,925 INFO     ___FILE_ONLY___  
2025-02-19 18:24:38,925 INFO     ___FILE_ONLY___ │ 
2025-02-19 18:24:38,925 INFO     ___FILE_ONLY___ 2025.02.18
2025-02-19 18:24:38,925 INFO     ___FILE_ONLY___  
2025-02-19 18:24:38,925 INFO     ___FILE_ONLY___ │ 
2025-02-19 18:24:38,925 INFO     ___FILE_ONLY___ < 1 MiB
2025-02-19 18:24:38,925 INFO     ___FILE_ONLY___  
2025-02-19 18:24:38,925 INFO     ___FILE_ONLY___ │
2025-02-19 18:24:38,925 INFO     ___FILE_ONLY___ 

2025-02-19 18:24:38,925 INFO     ___FILE_ONLY___ │ 
2025-02-19 18:24:38,925 INFO     ___FILE_ONLY___ gcloud Beta Commands   
2025-02-19 18:24:38,925 INFO     ___FILE_ONLY___  
2025-02-19 18:24:38,925 INFO     ___FILE_ONLY___ │ 
2025-02-19 18:24:38,925 INFO     ___FILE_ONLY___ 2025.02.18
2025-02-19 18:24:38,925 INFO     ___FILE_ONLY___  
2025-02-19 18:24:38,925 INFO     ___FILE_ONLY___ │ 
2025-02-19 18:24:38,925 INFO     ___FILE_ONLY___ < 1 MiB
2025-02-19 18:24:38,926 INFO     ___FILE_ONLY___  
2025-02-19 18:24:38,926 INFO     ___FILE_ONLY___ │
2025-02-19 18:24:38,926 INFO     ___FILE_ONLY___ 

2025-02-19 18:24:38,926 INFO     ___FILE_ONLY___ │ 
2025-02-19 18:24:38,926 INFO     ___FILE_ONLY___ gcloud Preview Commands
2025-02-19 18:24:38,926 INFO     ___FILE_ONLY___  
2025-02-19 18:24:38,926 INFO     ___FILE_ONLY___ │ 
2025-02-19 18:24:38,926 INFO     ___FILE_ONLY___           
2025-02-19 18:24:38,926 INFO     ___FILE_ONLY___  
2025-02-19 18:24:38,926 INFO     ___FILE_ONLY___ │ 
2025-02-19 18:24:38,926 INFO     ___FILE_ONLY___ < 1 MiB
2025-02-19 18:24:38,926 INFO     ___FILE_ONLY___  
2025-02-19 18:24:38,926 INFO     ___FILE_ONLY___ │
2025-02-19 18:24:38,926 INFO     ___FILE_ONLY___ 

2025-02-19 18:24:38,926 INFO     ___FILE_ONLY___ └─────────────────────────┴────────────┴─────────┘
2025-02-19 18:24:38,926 INFO     ___FILE_ONLY___ 

2025-02-19 18:24:38,926 INFO     ___FILE_ONLY___ 

2025-02-19 18:24:38,929 DEBUG    urllib3.connectionpool Starting new HTTPS connection (1): dl.google.com:443
2025-02-19 18:24:38,946 DEBUG    urllib3.connectionpool https://dl.google.com:443 "GET /dl/cloudsdk/channels/rapid/RELEASE_NOTES HTTP/11" 200 1367135
2025-02-19 18:24:39,398 INFO     ___FILE_ONLY___ For the latest full release notes, please visit:
  https://cloud.google.com/sdk/release_notes


2025-02-19 18:24:39,398 INFO     ___FILE_ONLY___ Performing in place update...


2025-02-19 18:24:39,400 INFO     ___FILE_ONLY___ ╔════════════════════════════════════════════════════════════╗

2025-02-19 18:24:39,400 INFO     ___FILE_ONLY___ ╠═ Downloading: gcloud Alpha Commands                       ═╣

2025-02-19 18:24:39,400 INFO     ___FILE_ONLY___ ╚
2025-02-19 18:24:39,404 DEBUG    urllib3.connectionpool Starting new HTTPS connection (1): dl.google.com:443
2025-02-19 18:24:39,416 DEBUG    urllib3.connectionpool https://dl.google.com:443 "GET /dl/cloudsdk/channels/rapid/components/google-cloud-sdk-alpha-20250218185346.tar.gz HTTP/11" 200 800
2025-02-19 18:24:39,416 INFO     ___FILE_ONLY___ ════════════════════════════════════════════════════════════
2025-02-19 18:24:39,416 INFO     ___FILE_ONLY___ ╝

2025-02-19 18:24:39,418 INFO     ___FILE_ONLY___ ╔════════════════════════════════════════════════════════════╗

2025-02-19 18:24:39,418 INFO     ___FILE_ONLY___ ╠═ Downloading: gcloud Beta Commands                        ═╣

2025-02-19 18:24:39,418 INFO     ___FILE_ONLY___ ╚
2025-02-19 18:24:39,421 DEBUG    urllib3.connectionpool Starting new HTTPS connection (1): dl.google.com:443
2025-02-19 18:24:39,434 DEBUG    urllib3.connectionpool https://dl.google.com:443 "GET /dl/cloudsdk/channels/rapid/components/google-cloud-sdk-beta-20250218185346.tar.gz HTTP/11" 200 797
2025-02-19 18:24:39,434 INFO     ___FILE_ONLY___ ════════════════════════════════════════════════════════════
2025-02-19 18:24:39,434 INFO     ___FILE_ONLY___ ╝

2025-02-19 18:24:39,436 INFO     ___FILE_ONLY___ ╔════════════════════════════════════════════════════════════╗

2025-02-19 18:24:39,436 INFO     ___FILE_ONLY___ ╠═ Downloading: gcloud Preview Commands                     ═╣

2025-02-19 18:24:39,436 INFO     ___FILE_ONLY___ ╚
2025-02-19 18:24:39,439 DEBUG    urllib3.connectionpool Starting new HTTPS connection (1): dl.google.com:443
2025-02-19 18:24:39,530 DEBUG    urllib3.connectionpool https://dl.google.com:443 "GET /dl/cloudsdk/channels/rapid/components/google-cloud-sdk-preview-20241115154308.tar.gz HTTP/11" 200 823
2025-02-19 18:24:39,530 INFO     ___FILE_ONLY___ ════════════════════════════════════════════════════════════
2025-02-19 18:24:39,530 INFO     ___FILE_ONLY___ ╝

2025-02-19 18:24:39,532 INFO     ___FILE_ONLY___ ╔════════════════════════════════════════════════════════════╗

2025-02-19 18:24:39,532 INFO     ___FILE_ONLY___ ╠═ Installing: gcloud Alpha Commands                        ═╣

2025-02-19 18:24:39,533 INFO     ___FILE_ONLY___ ╚
2025-02-19 18:24:39,533 INFO     ___FILE_ONLY___ ════════════════════════════════════════════════════════════
2025-02-19 18:24:39,534 INFO     ___FILE_ONLY___ ╝

2025-02-19 18:24:39,539 INFO     ___FILE_ONLY___ ╔════════════════════════════════════════════════════════════╗

2025-02-19 18:24:39,539 INFO     ___FILE_ONLY___ ╠═ Installing: gcloud Beta Commands                         ═╣

2025-02-19 18:24:39,539 INFO     ___FILE_ONLY___ ╚
2025-02-19 18:24:39,539 INFO     ___FILE_ONLY___ ════════════════════════════════════════════════════════════
2025-02-19 18:24:39,540 INFO     ___FILE_ONLY___ ╝

2025-02-19 18:24:39,544 INFO     ___FILE_ONLY___ ╔════════════════════════════════════════════════════════════╗

2025-02-19 18:24:39,544 INFO     ___FILE_ONLY___ ╠═ Installing: gcloud Preview Commands                      ═╣

2025-02-19 18:24:39,544 INFO     ___FILE_ONLY___ ╚
2025-02-19 18:24:39,545 INFO     ___FILE_ONLY___ ════════════════════════════════════════════════════════════
2025-02-19 18:24:39,545 INFO     ___FILE_ONLY___ ╝

2025-02-19 18:24:39,550 DEBUG    root            Updating notification cache...
2025-02-19 18:24:39,550 INFO     ___FILE_ONLY___ 

2025-02-19 18:24:39,552 INFO     ___FILE_ONLY___ Performing post processing steps...
2025-02-19 18:24:39,552 DEBUG    root            Executing command: ['/tools/google-cloud-sdk/bin/gcloud', 'components', 'post-process']
2025-02-19 18:24:47,675 DEBUG    ___FILE_ONLY___ 
2025-02-19 18:24:47,675 DEBUG    ___FILE_ONLY___ 
2025-02-19 18:24:47,837 INFO     ___FILE_ONLY___ 
Update done!


2025-02-19 18:24:47,840 DEBUG    root            Chosen display Format:none
2025-02-19 18:24:47,840 INFO     root            Display format: "none"
